<?xml version="1.0" encoding="UTF-8"?>
<testsuite xmlns:xsi="http://www.w3.org/2001/XMLSchema-instance" xsi:noNamespaceSchemaLocation="https://maven.apache.org/surefire/maven-surefire-plugin/xsd/surefire-test-report.xsd" name="com.docker.dockerTest.DockerTestApplicationTests" time="3.977" tests="1" errors="0" skipped="0" failures="0">
  <properties>
    <property name="sun.desktop" value="gnome"/>
    <property name="awt.toolkit" value="sun.awt.X11.XToolkit"/>
    <property name="file.encoding.pkg" value="sun.io"/>
    <property name="java.specification.version" value="1.8"/>
    <property name="sun.cpu.isalist" value=""/>
    <property name="sun.jnu.encoding" value="UTF-8"/>
    <property name="java.class.path" value="/opt/Study/docker/workspace/dockerTest/target/test-classes:/opt/Study/docker/workspace/dockerTest/target/classes:/home/alexsurya/.m2/repository/org/springframework/boot/spring-boot-starter-actuator/2.1.2.RELEASE/spring-boot-starter-actuator-2.1.2.RELEASE.jar:/home/alexsurya/.m2/repository/org/springframework/boot/spring-boot-starter/2.1.2.RELEASE/spring-boot-starter-2.1.2.RELEASE.jar:/home/alexsurya/.m2/repository/org/springframework/boot/spring-boot-starter-logging/2.1.2.RELEASE/spring-boot-starter-logging-2.1.2.RELEASE.jar:/home/alexsurya/.m2/repository/ch/qos/logback/logback-classic/1.2.3/logback-classic-1.2.3.jar:/home/alexsurya/.m2/repository/ch/qos/logback/logback-core/1.2.3/logback-core-1.2.3.jar:/home/alexsurya/.m2/repository/org/apache/logging/log4j/log4j-to-slf4j/2.11.1/log4j-to-slf4j-2.11.1.jar:/home/alexsurya/.m2/repository/org/apache/logging/log4j/log4j-api/2.11.1/log4j-api-2.11.1.jar:/home/alexsurya/.m2/repository/javax/annotation/javax.annotation-api/1.3.2/javax.annotation-api-1.3.2.jar:/home/alexsurya/.m2/repository/org/yaml/snakeyaml/1.23/snakeyaml-1.23.jar:/home/alexsurya/.m2/repository/org/springframework/boot/spring-boot-actuator-autoconfigure/2.1.2.RELEASE/spring-boot-actuator-autoconfigure-2.1.2.RELEASE.jar:/home/alexsurya/.m2/repository/org/springframework/boot/spring-boot-actuator/2.1.2.RELEASE/spring-boot-actuator-2.1.2.RELEASE.jar:/home/alexsurya/.m2/repository/com/fasterxml/jackson/core/jackson-databind/2.9.8/jackson-databind-2.9.8.jar:/home/alexsurya/.m2/repository/org/springframework/spring-context/5.1.4.RELEASE/spring-context-5.1.4.RELEASE.jar:/home/alexsurya/.m2/repository/com/fasterxml/jackson/datatype/jackson-datatype-jsr310/2.9.8/jackson-datatype-jsr310-2.9.8.jar:/home/alexsurya/.m2/repository/io/micrometer/micrometer-core/1.1.2/micrometer-core-1.1.2.jar:/home/alexsurya/.m2/repository/org/hdrhistogram/HdrHistogram/2.1.9/HdrHistogram-2.1.9.jar:/home/alexsurya/.m2/repository/org/latencyutils/LatencyUtils/2.0.3/LatencyUtils-2.0.3.jar:/home/alexsurya/.m2/repository/org/springframework/boot/spring-boot-starter-web/2.1.2.RELEASE/spring-boot-starter-web-2.1.2.RELEASE.jar:/home/alexsurya/.m2/repository/org/springframework/boot/spring-boot-starter-json/2.1.2.RELEASE/spring-boot-starter-json-2.1.2.RELEASE.jar:/home/alexsurya/.m2/repository/com/fasterxml/jackson/datatype/jackson-datatype-jdk8/2.9.8/jackson-datatype-jdk8-2.9.8.jar:/home/alexsurya/.m2/repository/com/fasterxml/jackson/module/jackson-module-parameter-names/2.9.8/jackson-module-parameter-names-2.9.8.jar:/home/alexsurya/.m2/repository/org/springframework/boot/spring-boot-starter-tomcat/2.1.2.RELEASE/spring-boot-starter-tomcat-2.1.2.RELEASE.jar:/home/alexsurya/.m2/repository/org/apache/tomcat/embed/tomcat-embed-core/9.0.14/tomcat-embed-core-9.0.14.jar:/home/alexsurya/.m2/repository/org/apache/tomcat/embed/tomcat-embed-el/9.0.14/tomcat-embed-el-9.0.14.jar:/home/alexsurya/.m2/repository/org/apache/tomcat/embed/tomcat-embed-websocket/9.0.14/tomcat-embed-websocket-9.0.14.jar:/home/alexsurya/.m2/repository/org/hibernate/validator/hibernate-validator/6.0.14.Final/hibernate-validator-6.0.14.Final.jar:/home/alexsurya/.m2/repository/javax/validation/validation-api/2.0.1.Final/validation-api-2.0.1.Final.jar:/home/alexsurya/.m2/repository/org/jboss/logging/jboss-logging/3.3.2.Final/jboss-logging-3.3.2.Final.jar:/home/alexsurya/.m2/repository/org/springframework/spring-web/5.1.4.RELEASE/spring-web-5.1.4.RELEASE.jar:/home/alexsurya/.m2/repository/org/springframework/spring-beans/5.1.4.RELEASE/spring-beans-5.1.4.RELEASE.jar:/home/alexsurya/.m2/repository/org/springframework/spring-webmvc/5.1.4.RELEASE/spring-webmvc-5.1.4.RELEASE.jar:/home/alexsurya/.m2/repository/org/springframework/spring-aop/5.1.4.RELEASE/spring-aop-5.1.4.RELEASE.jar:/home/alexsurya/.m2/repository/org/springframework/spring-expression/5.1.4.RELEASE/spring-expression-5.1.4.RELEASE.jar:/home/alexsurya/.m2/repository/io/springfox/springfox-swagger2/2.9.2/springfox-swagger2-2.9.2.jar:/home/alexsurya/.m2/repository/io/swagger/swagger-annotations/1.5.20/swagger-annotations-1.5.20.jar:/home/alexsurya/.m2/repository/io/swagger/swagger-models/1.5.20/swagger-models-1.5.20.jar:/home/alexsurya/.m2/repository/com/fasterxml/jackson/core/jackson-annotations/2.9.0/jackson-annotations-2.9.0.jar:/home/alexsurya/.m2/repository/io/springfox/springfox-spi/2.9.2/springfox-spi-2.9.2.jar:/home/alexsurya/.m2/repository/io/springfox/springfox-core/2.9.2/springfox-core-2.9.2.jar:/home/alexsurya/.m2/repository/io/springfox/springfox-schema/2.9.2/springfox-schema-2.9.2.jar:/home/alexsurya/.m2/repository/io/springfox/springfox-swagger-common/2.9.2/springfox-swagger-common-2.9.2.jar:/home/alexsurya/.m2/repository/io/springfox/springfox-spring-web/2.9.2/springfox-spring-web-2.9.2.jar:/home/alexsurya/.m2/repository/com/google/guava/guava/20.0/guava-20.0.jar:/home/alexsurya/.m2/repository/com/fasterxml/classmate/1.4.0/classmate-1.4.0.jar:/home/alexsurya/.m2/repository/org/slf4j/slf4j-api/1.7.25/slf4j-api-1.7.25.jar:/home/alexsurya/.m2/repository/org/springframework/plugin/spring-plugin-core/1.2.0.RELEASE/spring-plugin-core-1.2.0.RELEASE.jar:/home/alexsurya/.m2/repository/org/springframework/plugin/spring-plugin-metadata/1.2.0.RELEASE/spring-plugin-metadata-1.2.0.RELEASE.jar:/home/alexsurya/.m2/repository/org/mapstruct/mapstruct/1.2.0.Final/mapstruct-1.2.0.Final.jar:/home/alexsurya/.m2/repository/io/springfox/springfox-swagger-ui/2.9.2/springfox-swagger-ui-2.9.2.jar:/home/alexsurya/.m2/repository/org/springframework/boot/spring-boot-devtools/2.1.2.RELEASE/spring-boot-devtools-2.1.2.RELEASE.jar:/home/alexsurya/.m2/repository/org/springframework/boot/spring-boot/2.1.2.RELEASE/spring-boot-2.1.2.RELEASE.jar:/home/alexsurya/.m2/repository/org/springframework/boot/spring-boot-autoconfigure/2.1.2.RELEASE/spring-boot-autoconfigure-2.1.2.RELEASE.jar:/home/alexsurya/.m2/repository/org/springframework/boot/spring-boot-starter-test/2.1.2.RELEASE/spring-boot-starter-test-2.1.2.RELEASE.jar:/home/alexsurya/.m2/repository/org/springframework/boot/spring-boot-test/2.1.2.RELEASE/spring-boot-test-2.1.2.RELEASE.jar:/home/alexsurya/.m2/repository/org/springframework/boot/spring-boot-test-autoconfigure/2.1.2.RELEASE/spring-boot-test-autoconfigure-2.1.2.RELEASE.jar:/home/alexsurya/.m2/repository/com/jayway/jsonpath/json-path/2.4.0/json-path-2.4.0.jar:/home/alexsurya/.m2/repository/net/minidev/json-smart/2.3/json-smart-2.3.jar:/home/alexsurya/.m2/repository/net/minidev/accessors-smart/1.2/accessors-smart-1.2.jar:/home/alexsurya/.m2/repository/org/ow2/asm/asm/5.0.4/asm-5.0.4.jar:/home/alexsurya/.m2/repository/junit/junit/4.12/junit-4.12.jar:/home/alexsurya/.m2/repository/org/assertj/assertj-core/3.11.1/assertj-core-3.11.1.jar:/home/alexsurya/.m2/repository/org/mockito/mockito-core/2.23.4/mockito-core-2.23.4.jar:/home/alexsurya/.m2/repository/net/bytebuddy/byte-buddy/1.9.7/byte-buddy-1.9.7.jar:/home/alexsurya/.m2/repository/net/bytebuddy/byte-buddy-agent/1.9.7/byte-buddy-agent-1.9.7.jar:/home/alexsurya/.m2/repository/org/objenesis/objenesis/2.6/objenesis-2.6.jar:/home/alexsurya/.m2/repository/org/hamcrest/hamcrest-core/1.3/hamcrest-core-1.3.jar:/home/alexsurya/.m2/repository/org/hamcrest/hamcrest-library/1.3/hamcrest-library-1.3.jar:/home/alexsurya/.m2/repository/org/skyscreamer/jsonassert/1.5.0/jsonassert-1.5.0.jar:/home/alexsurya/.m2/repository/com/vaadin/external/google/android-json/0.0.20131108.vaadin1/android-json-0.0.20131108.vaadin1.jar:/home/alexsurya/.m2/repository/org/springframework/spring-core/5.1.4.RELEASE/spring-core-5.1.4.RELEASE.jar:/home/alexsurya/.m2/repository/org/springframework/spring-jcl/5.1.4.RELEASE/spring-jcl-5.1.4.RELEASE.jar:/home/alexsurya/.m2/repository/org/springframework/spring-test/5.1.4.RELEASE/spring-test-5.1.4.RELEASE.jar:/home/alexsurya/.m2/repository/org/xmlunit/xmlunit-core/2.6.2/xmlunit-core-2.6.2.jar:/home/alexsurya/.m2/repository/io/fabric8/fabric8-maven-plugin/4.0.0-M2/fabric8-maven-plugin-4.0.0-M2.jar:/home/alexsurya/.m2/repository/io/fabric8/docker-maven-plugin/0.28.0/docker-maven-plugin-0.28.0.jar:/home/alexsurya/.m2/repository/org/apache/httpcomponents/httpclient/4.5.6/httpclient-4.5.6.jar:/home/alexsurya/.m2/repository/org/apache/httpcomponents/httpcore/4.4.10/httpcore-4.4.10.jar:/home/alexsurya/.m2/repository/com/github/jnr/jnr-unixsocket/0.21/jnr-unixsocket-0.21.jar:/home/alexsurya/.m2/repository/com/github/jnr/jnr-ffi/2.1.9/jnr-ffi-2.1.9.jar:/home/alexsurya/.m2/repository/com/github/jnr/jffi/1.2.17/jffi-1.2.17.jar:/home/alexsurya/.m2/repository/com/github/jnr/jffi/1.2.16/jffi-1.2.16-native.jar:/home/alexsurya/.m2/repository/org/ow2/asm/asm-commons/5.0.3/asm-commons-5.0.3.jar:/home/alexsurya/.m2/repository/org/ow2/asm/asm-analysis/5.0.3/asm-analysis-5.0.3.jar:/home/alexsurya/.m2/repository/org/ow2/asm/asm-tree/5.0.3/asm-tree-5.0.3.jar:/home/alexsurya/.m2/repository/org/ow2/asm/asm-util/5.0.3/asm-util-5.0.3.jar:/home/alexsurya/.m2/repository/com/github/jnr/jnr-a64asm/1.0.0/jnr-a64asm-1.0.0.jar:/home/alexsurya/.m2/repository/com/github/jnr/jnr-x86asm/1.0.2/jnr-x86asm-1.0.2.jar:/home/alexsurya/.m2/repository/com/github/jnr/jnr-constants/0.9.11/jnr-constants-0.9.11.jar:/home/alexsurya/.m2/repository/com/github/jnr/jnr-enxio/0.19/jnr-enxio-0.19.jar:/home/alexsurya/.m2/repository/com/github/jnr/jnr-posix/3.0.47/jnr-posix-3.0.47.jar:/home/alexsurya/.m2/repository/org/apache/commons/commons-text/1.1/commons-text-1.1.jar:/home/alexsurya/.m2/repository/org/fusesource/jansi/jansi/1.16/jansi-1.16.jar:/home/alexsurya/.m2/repository/org/bouncycastle/bcpkix-jdk15on/1.57/bcpkix-jdk15on-1.57.jar:/home/alexsurya/.m2/repository/org/apache/maven/plugins/maven-assembly-plugin/3.1.0/maven-assembly-plugin-3.1.0.jar:/home/alexsurya/.m2/repository/org/apache/maven/shared/maven-common-artifact-filters/3.0.1/maven-common-artifact-filters-3.0.1.jar:/home/alexsurya/.m2/repository/org/sonatype/sisu/sisu-inject-plexus/1.4.2/sisu-inject-plexus-1.4.2.jar:/home/alexsurya/.m2/repository/org/sonatype/sisu/sisu-inject-bean/1.4.2/sisu-inject-bean-1.4.2.jar:/home/alexsurya/.m2/repository/org/sonatype/sisu/sisu-guice/2.1.7/sisu-guice-2.1.7-noaop.jar:/home/alexsurya/.m2/repository/org/apache/maven/shared/maven-shared-utils/3.1.0/maven-shared-utils-3.1.0.jar:/home/alexsurya/.m2/repository/org/apache/maven/shared/maven-artifact-transfer/0.9.0/maven-artifact-transfer-0.9.0.jar:/home/alexsurya/.m2/repository/org/codehaus/plexus/plexus-archiver/3.5/plexus-archiver-3.5.jar:/home/alexsurya/.m2/repository/org/apache/commons/commons-compress/1.14/commons-compress-1.14.jar:/home/alexsurya/.m2/repository/org/iq80/snappy/snappy/0.4/snappy-0.4.jar:/home/alexsurya/.m2/repository/org/tukaani/xz/1.6/xz-1.6.jar:/home/alexsurya/.m2/repository/org/apache/maven/shared/file-management/3.0.0/file-management-3.0.0.jar:/home/alexsurya/.m2/repository/org/apache/maven/shared/maven-shared-io/3.0.0/maven-shared-io-3.0.0.jar:/home/alexsurya/.m2/repository/org/apache/maven/shared/maven-filtering/3.1.1/maven-filtering-3.1.1.jar:/home/alexsurya/.m2/repository/org/sonatype/plexus/plexus-build-api/0.0.7/plexus-build-api-0.0.7.jar:/home/alexsurya/.m2/repository/org/codehaus/plexus/plexus-io/3.0.0/plexus-io-3.0.0.jar:/home/alexsurya/.m2/repository/org/apache/maven/maven-archiver/3.2.0/maven-archiver-3.2.0.jar:/home/alexsurya/.m2/repository/joda-time/joda-time/2.10.1/joda-time-2.10.1.jar:/home/alexsurya/.m2/repository/org/codehaus/plexus/plexus-interpolation/1.24/plexus-interpolation-1.24.jar:/home/alexsurya/.m2/repository/io/fabric8/fabric8-maven-core/4.0.0-M2/fabric8-maven-core-4.0.0-M2.jar:/home/alexsurya/.m2/repository/io/fabric8/openshift-client/4.1.0/openshift-client-4.1.0.jar:/home/alexsurya/.m2/repository/com/fasterxml/jackson/dataformat/jackson-dataformat-yaml/2.9.8/jackson-dataformat-yaml-2.9.8.jar:/home/alexsurya/.m2/repository/org/eclipse/jgit/org.eclipse.jgit/5.2.0.201812061821-r/org.eclipse.jgit-5.2.0.201812061821-r.jar:/home/alexsurya/.m2/repository/org/javassist/javassist/3.20.0-GA/javassist-3.20.0-GA.jar:/home/alexsurya/.m2/repository/com/networknt/json-schema-validator/0.1.7/json-schema-validator-0.1.7.jar:/home/alexsurya/.m2/repository/org/slf4j/slf4j-ext/1.7.25/slf4j-ext-1.7.25.jar:/home/alexsurya/.m2/repository/io/fabric8/fabric8-maven-enricher-api/4.0.0-M2/fabric8-maven-enricher-api-4.0.0-M2.jar:/home/alexsurya/.m2/repository/com/google/code/findbugs/jsr305/3.0.2/jsr305-3.0.2.jar:/home/alexsurya/.m2/repository/io/fabric8/fabric8-maven-enricher-standard/4.0.0-M2/fabric8-maven-enricher-standard-4.0.0-M2.jar:/home/alexsurya/.m2/repository/io/fabric8/ianaservicehelper/0.0.1/ianaservicehelper-0.0.1.jar:/home/alexsurya/.m2/repository/io/fabric8/fabric8-maven-enricher-fabric8/4.0.0-M2/fabric8-maven-enricher-fabric8-4.0.0-M2.jar:/home/alexsurya/.m2/repository/commons-codec/commons-codec/1.11/commons-codec-1.11.jar:/home/alexsurya/.m2/repository/io/fabric8/fabric8-maven-enricher-osio/4.0.0-M2/fabric8-maven-enricher-osio-4.0.0-M2.jar:/home/alexsurya/.m2/repository/io/fabric8/fabric8-maven-generator-api/4.0.0-M2/fabric8-maven-generator-api-4.0.0-M2.jar:/home/alexsurya/.m2/repository/org/jboss/shrinkwrap/shrinkwrap-api/1.2.6/shrinkwrap-api-1.2.6.jar:/home/alexsurya/.m2/repository/org/jboss/shrinkwrap/shrinkwrap-spi/1.2.6/shrinkwrap-spi-1.2.6.jar:/home/alexsurya/.m2/repository/org/jboss/shrinkwrap/shrinkwrap-impl-base/1.2.6/shrinkwrap-impl-base-1.2.6.jar:/home/alexsurya/.m2/repository/io/fabric8/fabric8-maven-generator-java-exec/4.0.0-M2/fabric8-maven-generator-java-exec-4.0.0-M2.jar:/home/alexsurya/.m2/repository/io/fabric8/fabric8-maven-generator-spring-boot/4.0.0-M2/fabric8-maven-generator-spring-boot-4.0.0-M2.jar:/home/alexsurya/.m2/repository/io/fabric8/fabric8-maven-generator-vertx/4.0.0-M2/fabric8-maven-generator-vertx-4.0.0-M2.jar:/home/alexsurya/.m2/repository/io/fabric8/fabric8-maven-generator-karaf/4.0.0-M2/fabric8-maven-generator-karaf-4.0.0-M2.jar:/home/alexsurya/.m2/repository/io/fabric8/fabric8-maven-generator-wildfly-swarm/4.0.0-M2/fabric8-maven-generator-wildfly-swarm-4.0.0-M2.jar:/home/alexsurya/.m2/repository/io/fabric8/fabric8-maven-generator-thorntail-v2/4.0.0-M2/fabric8-maven-generator-thorntail-v2-4.0.0-M2.jar:/home/alexsurya/.m2/repository/io/fabric8/fabric8-maven-generator-webapp/4.0.0-M2/fabric8-maven-generator-webapp-4.0.0-M2.jar:/home/alexsurya/.m2/repository/io/fabric8/fabric8-maven-watcher-api/4.0.0-M2/fabric8-maven-watcher-api-4.0.0-M2.jar:/home/alexsurya/.m2/repository/io/fabric8/fabric8-maven-watcher-standard/4.0.0-M2/fabric8-maven-watcher-standard-4.0.0-M2.jar:/home/alexsurya/.m2/repository/io/fabric8/kubernetes-client/4.1.0/kubernetes-client-4.1.0.jar:/home/alexsurya/.m2/repository/io/fabric8/kubernetes-model/4.1.0/kubernetes-model-4.1.0.jar:/home/alexsurya/.m2/repository/com/fasterxml/jackson/module/jackson-module-jaxb-annotations/2.9.8/jackson-module-jaxb-annotations-2.9.8.jar:/home/alexsurya/.m2/repository/com/squareup/okhttp3/okhttp/3.9.1/okhttp-3.9.1.jar:/home/alexsurya/.m2/repository/com/squareup/okio/okio/1.13.0/okio-1.13.0.jar:/home/alexsurya/.m2/repository/com/squareup/okhttp3/logging-interceptor/3.9.1/logging-interceptor-3.9.1.jar:/home/alexsurya/.m2/repository/org/slf4j/jul-to-slf4j/1.7.25/jul-to-slf4j-1.7.25.jar:/home/alexsurya/.m2/repository/com/fasterxml/jackson/core/jackson-core/2.9.8/jackson-core-2.9.8.jar:/home/alexsurya/.m2/repository/io/fabric8/zjsonpatch/0.3.0/zjsonpatch-0.3.0.jar:/home/alexsurya/.m2/repository/com/github/mifmif/generex/1.0.1/generex-1.0.1.jar:/home/alexsurya/.m2/repository/dk/brics/automaton/automaton/1.11-8/automaton-1.11-8.jar:/home/alexsurya/.m2/repository/org/apache/maven/maven-plugin-api/3.3.1/maven-plugin-api-3.3.1.jar:/home/alexsurya/.m2/repository/org/eclipse/sisu/org.eclipse.sisu.plexus/0.3.0/org.eclipse.sisu.plexus-0.3.0.jar:/home/alexsurya/.m2/repository/javax/enterprise/cdi-api/1.0/cdi-api-1.0.jar:/home/alexsurya/.m2/repository/javax/annotation/jsr250-api/1.0/jsr250-api-1.0.jar:/home/alexsurya/.m2/repository/org/eclipse/sisu/org.eclipse.sisu.inject/0.3.0/org.eclipse.sisu.inject-0.3.0.jar:/home/alexsurya/.m2/repository/org/apache/maven/maven-core/3.3.1/maven-core-3.3.1.jar:/home/alexsurya/.m2/repository/org/apache/maven/maven-settings/3.3.1/maven-settings-3.3.1.jar:/home/alexsurya/.m2/repository/org/apache/maven/maven-settings-builder/3.3.1/maven-settings-builder-3.3.1.jar:/home/alexsurya/.m2/repository/org/apache/maven/maven-builder-support/3.3.1/maven-builder-support-3.3.1.jar:/home/alexsurya/.m2/repository/org/apache/maven/maven-repository-metadata/3.3.1/maven-repository-metadata-3.3.1.jar:/home/alexsurya/.m2/repository/org/apache/maven/maven-model-builder/3.3.1/maven-model-builder-3.3.1.jar:/home/alexsurya/.m2/repository/org/apache/maven/maven-aether-provider/3.3.1/maven-aether-provider-3.3.1.jar:/home/alexsurya/.m2/repository/org/eclipse/aether/aether-spi/1.0.2.v20150114/aether-spi-1.0.2.v20150114.jar:/home/alexsurya/.m2/repository/org/eclipse/aether/aether-impl/1.0.2.v20150114/aether-impl-1.0.2.v20150114.jar:/home/alexsurya/.m2/repository/org/eclipse/aether/aether-api/1.0.2.v20150114/aether-api-1.0.2.v20150114.jar:/home/alexsurya/.m2/repository/org/eclipse/aether/aether-util/1.0.2.v20150114/aether-util-1.0.2.v20150114.jar:/home/alexsurya/.m2/repository/org/sonatype/sisu/sisu-guice/3.2.5/sisu-guice-3.2.5-no_aop.jar:/home/alexsurya/.m2/repository/javax/inject/javax.inject/1/javax.inject-1.jar:/home/alexsurya/.m2/repository/aopalliance/aopalliance/1.0/aopalliance-1.0.jar:/home/alexsurya/.m2/repository/org/codehaus/plexus/plexus-classworlds/2.5.2/plexus-classworlds-2.5.2.jar:/home/alexsurya/.m2/repository/org/sonatype/plexus/plexus-sec-dispatcher/1.3/plexus-sec-dispatcher-1.3.jar:/home/alexsurya/.m2/repository/org/sonatype/plexus/plexus-cipher/1.4/plexus-cipher-1.4.jar:/home/alexsurya/.m2/repository/org/apache/maven/maven-model/3.3.1/maven-model-3.3.1.jar:/home/alexsurya/.m2/repository/org/apache/maven/maven-artifact/3.3.1/maven-artifact-3.3.1.jar:/home/alexsurya/.m2/repository/org/apache/maven/maven-compat/3.3.1/maven-compat-3.3.1.jar:/home/alexsurya/.m2/repository/org/apache/maven/wagon/wagon-provider-api/2.8/wagon-provider-api-2.8.jar:/home/alexsurya/.m2/repository/org/codehaus/plexus/plexus-utils/3.1.0/plexus-utils-3.1.0.jar:/home/alexsurya/.m2/repository/org/codehaus/plexus/plexus-component-annotations/1.7.1/plexus-component-annotations-1.7.1.jar:/home/alexsurya/.m2/repository/org/codehaus/plexus/plexus-interactivity-api/1.0-alpha-6/plexus-interactivity-api-1.0-alpha-6.jar:/home/alexsurya/.m2/repository/org/codehaus/plexus/plexus-component-api/1.0-alpha-16/plexus-component-api-1.0-alpha-16.jar:/home/alexsurya/.m2/repository/org/apache/commons/commons-lang3/3.8.1/commons-lang3-3.8.1.jar:/home/alexsurya/.m2/repository/commons-io/commons-io/2.5/commons-io-2.5.jar:/home/alexsurya/.m2/repository/com/google/code/gson/gson/2.8.5/gson-2.8.5.jar:"/>
    <property name="java.vm.vendor" value="Oracle Corporation"/>
    <property name="sun.arch.data.model" value="64"/>
    <property name="java.vendor.url" value="http://java.oracle.com/"/>
    <property name="user.timezone" value=""/>
    <property name="java.vm.specification.version" value="1.8"/>
    <property name="os.name" value="Linux"/>
    <property name="user.country" value="IN"/>
    <property name="sun.java.launcher" value="SUN_STANDARD"/>
    <property name="sun.boot.library.path" value="/usr/lib/jvm/java-8-oracle/jre/lib/amd64"/>
    <property name="sun.java.command" value="/opt/Study/docker/workspace/dockerTest/target/surefire/surefirebooter3474435830954114325.jar /opt/Study/docker/workspace/dockerTest/target/surefire 2019-01-23T10-31-23_050-jvmRun1 surefire1626044147051811768tmp surefire_03248462844033510534tmp"/>
    <property name="surefire.test.class.path" value="/opt/Study/docker/workspace/dockerTest/target/test-classes:/opt/Study/docker/workspace/dockerTest/target/classes:/home/alexsurya/.m2/repository/org/springframework/boot/spring-boot-starter-actuator/2.1.2.RELEASE/spring-boot-starter-actuator-2.1.2.RELEASE.jar:/home/alexsurya/.m2/repository/org/springframework/boot/spring-boot-starter/2.1.2.RELEASE/spring-boot-starter-2.1.2.RELEASE.jar:/home/alexsurya/.m2/repository/org/springframework/boot/spring-boot-starter-logging/2.1.2.RELEASE/spring-boot-starter-logging-2.1.2.RELEASE.jar:/home/alexsurya/.m2/repository/ch/qos/logback/logback-classic/1.2.3/logback-classic-1.2.3.jar:/home/alexsurya/.m2/repository/ch/qos/logback/logback-core/1.2.3/logback-core-1.2.3.jar:/home/alexsurya/.m2/repository/org/apache/logging/log4j/log4j-to-slf4j/2.11.1/log4j-to-slf4j-2.11.1.jar:/home/alexsurya/.m2/repository/org/apache/logging/log4j/log4j-api/2.11.1/log4j-api-2.11.1.jar:/home/alexsurya/.m2/repository/javax/annotation/javax.annotation-api/1.3.2/javax.annotation-api-1.3.2.jar:/home/alexsurya/.m2/repository/org/yaml/snakeyaml/1.23/snakeyaml-1.23.jar:/home/alexsurya/.m2/repository/org/springframework/boot/spring-boot-actuator-autoconfigure/2.1.2.RELEASE/spring-boot-actuator-autoconfigure-2.1.2.RELEASE.jar:/home/alexsurya/.m2/repository/org/springframework/boot/spring-boot-actuator/2.1.2.RELEASE/spring-boot-actuator-2.1.2.RELEASE.jar:/home/alexsurya/.m2/repository/com/fasterxml/jackson/core/jackson-databind/2.9.8/jackson-databind-2.9.8.jar:/home/alexsurya/.m2/repository/org/springframework/spring-context/5.1.4.RELEASE/spring-context-5.1.4.RELEASE.jar:/home/alexsurya/.m2/repository/com/fasterxml/jackson/datatype/jackson-datatype-jsr310/2.9.8/jackson-datatype-jsr310-2.9.8.jar:/home/alexsurya/.m2/repository/io/micrometer/micrometer-core/1.1.2/micrometer-core-1.1.2.jar:/home/alexsurya/.m2/repository/org/hdrhistogram/HdrHistogram/2.1.9/HdrHistogram-2.1.9.jar:/home/alexsurya/.m2/repository/org/latencyutils/LatencyUtils/2.0.3/LatencyUtils-2.0.3.jar:/home/alexsurya/.m2/repository/org/springframework/boot/spring-boot-starter-web/2.1.2.RELEASE/spring-boot-starter-web-2.1.2.RELEASE.jar:/home/alexsurya/.m2/repository/org/springframework/boot/spring-boot-starter-json/2.1.2.RELEASE/spring-boot-starter-json-2.1.2.RELEASE.jar:/home/alexsurya/.m2/repository/com/fasterxml/jackson/datatype/jackson-datatype-jdk8/2.9.8/jackson-datatype-jdk8-2.9.8.jar:/home/alexsurya/.m2/repository/com/fasterxml/jackson/module/jackson-module-parameter-names/2.9.8/jackson-module-parameter-names-2.9.8.jar:/home/alexsurya/.m2/repository/org/springframework/boot/spring-boot-starter-tomcat/2.1.2.RELEASE/spring-boot-starter-tomcat-2.1.2.RELEASE.jar:/home/alexsurya/.m2/repository/org/apache/tomcat/embed/tomcat-embed-core/9.0.14/tomcat-embed-core-9.0.14.jar:/home/alexsurya/.m2/repository/org/apache/tomcat/embed/tomcat-embed-el/9.0.14/tomcat-embed-el-9.0.14.jar:/home/alexsurya/.m2/repository/org/apache/tomcat/embed/tomcat-embed-websocket/9.0.14/tomcat-embed-websocket-9.0.14.jar:/home/alexsurya/.m2/repository/org/hibernate/validator/hibernate-validator/6.0.14.Final/hibernate-validator-6.0.14.Final.jar:/home/alexsurya/.m2/repository/javax/validation/validation-api/2.0.1.Final/validation-api-2.0.1.Final.jar:/home/alexsurya/.m2/repository/org/jboss/logging/jboss-logging/3.3.2.Final/jboss-logging-3.3.2.Final.jar:/home/alexsurya/.m2/repository/org/springframework/spring-web/5.1.4.RELEASE/spring-web-5.1.4.RELEASE.jar:/home/alexsurya/.m2/repository/org/springframework/spring-beans/5.1.4.RELEASE/spring-beans-5.1.4.RELEASE.jar:/home/alexsurya/.m2/repository/org/springframework/spring-webmvc/5.1.4.RELEASE/spring-webmvc-5.1.4.RELEASE.jar:/home/alexsurya/.m2/repository/org/springframework/spring-aop/5.1.4.RELEASE/spring-aop-5.1.4.RELEASE.jar:/home/alexsurya/.m2/repository/org/springframework/spring-expression/5.1.4.RELEASE/spring-expression-5.1.4.RELEASE.jar:/home/alexsurya/.m2/repository/io/springfox/springfox-swagger2/2.9.2/springfox-swagger2-2.9.2.jar:/home/alexsurya/.m2/repository/io/swagger/swagger-annotations/1.5.20/swagger-annotations-1.5.20.jar:/home/alexsurya/.m2/repository/io/swagger/swagger-models/1.5.20/swagger-models-1.5.20.jar:/home/alexsurya/.m2/repository/com/fasterxml/jackson/core/jackson-annotations/2.9.0/jackson-annotations-2.9.0.jar:/home/alexsurya/.m2/repository/io/springfox/springfox-spi/2.9.2/springfox-spi-2.9.2.jar:/home/alexsurya/.m2/repository/io/springfox/springfox-core/2.9.2/springfox-core-2.9.2.jar:/home/alexsurya/.m2/repository/io/springfox/springfox-schema/2.9.2/springfox-schema-2.9.2.jar:/home/alexsurya/.m2/repository/io/springfox/springfox-swagger-common/2.9.2/springfox-swagger-common-2.9.2.jar:/home/alexsurya/.m2/repository/io/springfox/springfox-spring-web/2.9.2/springfox-spring-web-2.9.2.jar:/home/alexsurya/.m2/repository/com/google/guava/guava/20.0/guava-20.0.jar:/home/alexsurya/.m2/repository/com/fasterxml/classmate/1.4.0/classmate-1.4.0.jar:/home/alexsurya/.m2/repository/org/slf4j/slf4j-api/1.7.25/slf4j-api-1.7.25.jar:/home/alexsurya/.m2/repository/org/springframework/plugin/spring-plugin-core/1.2.0.RELEASE/spring-plugin-core-1.2.0.RELEASE.jar:/home/alexsurya/.m2/repository/org/springframework/plugin/spring-plugin-metadata/1.2.0.RELEASE/spring-plugin-metadata-1.2.0.RELEASE.jar:/home/alexsurya/.m2/repository/org/mapstruct/mapstruct/1.2.0.Final/mapstruct-1.2.0.Final.jar:/home/alexsurya/.m2/repository/io/springfox/springfox-swagger-ui/2.9.2/springfox-swagger-ui-2.9.2.jar:/home/alexsurya/.m2/repository/org/springframework/boot/spring-boot-devtools/2.1.2.RELEASE/spring-boot-devtools-2.1.2.RELEASE.jar:/home/alexsurya/.m2/repository/org/springframework/boot/spring-boot/2.1.2.RELEASE/spring-boot-2.1.2.RELEASE.jar:/home/alexsurya/.m2/repository/org/springframework/boot/spring-boot-autoconfigure/2.1.2.RELEASE/spring-boot-autoconfigure-2.1.2.RELEASE.jar:/home/alexsurya/.m2/repository/org/springframework/boot/spring-boot-starter-test/2.1.2.RELEASE/spring-boot-starter-test-2.1.2.RELEASE.jar:/home/alexsurya/.m2/repository/org/springframework/boot/spring-boot-test/2.1.2.RELEASE/spring-boot-test-2.1.2.RELEASE.jar:/home/alexsurya/.m2/repository/org/springframework/boot/spring-boot-test-autoconfigure/2.1.2.RELEASE/spring-boot-test-autoconfigure-2.1.2.RELEASE.jar:/home/alexsurya/.m2/repository/com/jayway/jsonpath/json-path/2.4.0/json-path-2.4.0.jar:/home/alexsurya/.m2/repository/net/minidev/json-smart/2.3/json-smart-2.3.jar:/home/alexsurya/.m2/repository/net/minidev/accessors-smart/1.2/accessors-smart-1.2.jar:/home/alexsurya/.m2/repository/org/ow2/asm/asm/5.0.4/asm-5.0.4.jar:/home/alexsurya/.m2/repository/junit/junit/4.12/junit-4.12.jar:/home/alexsurya/.m2/repository/org/assertj/assertj-core/3.11.1/assertj-core-3.11.1.jar:/home/alexsurya/.m2/repository/org/mockito/mockito-core/2.23.4/mockito-core-2.23.4.jar:/home/alexsurya/.m2/repository/net/bytebuddy/byte-buddy/1.9.7/byte-buddy-1.9.7.jar:/home/alexsurya/.m2/repository/net/bytebuddy/byte-buddy-agent/1.9.7/byte-buddy-agent-1.9.7.jar:/home/alexsurya/.m2/repository/org/objenesis/objenesis/2.6/objenesis-2.6.jar:/home/alexsurya/.m2/repository/org/hamcrest/hamcrest-core/1.3/hamcrest-core-1.3.jar:/home/alexsurya/.m2/repository/org/hamcrest/hamcrest-library/1.3/hamcrest-library-1.3.jar:/home/alexsurya/.m2/repository/org/skyscreamer/jsonassert/1.5.0/jsonassert-1.5.0.jar:/home/alexsurya/.m2/repository/com/vaadin/external/google/android-json/0.0.20131108.vaadin1/android-json-0.0.20131108.vaadin1.jar:/home/alexsurya/.m2/repository/org/springframework/spring-core/5.1.4.RELEASE/spring-core-5.1.4.RELEASE.jar:/home/alexsurya/.m2/repository/org/springframework/spring-jcl/5.1.4.RELEASE/spring-jcl-5.1.4.RELEASE.jar:/home/alexsurya/.m2/repository/org/springframework/spring-test/5.1.4.RELEASE/spring-test-5.1.4.RELEASE.jar:/home/alexsurya/.m2/repository/org/xmlunit/xmlunit-core/2.6.2/xmlunit-core-2.6.2.jar:/home/alexsurya/.m2/repository/io/fabric8/fabric8-maven-plugin/4.0.0-M2/fabric8-maven-plugin-4.0.0-M2.jar:/home/alexsurya/.m2/repository/io/fabric8/docker-maven-plugin/0.28.0/docker-maven-plugin-0.28.0.jar:/home/alexsurya/.m2/repository/org/apache/httpcomponents/httpclient/4.5.6/httpclient-4.5.6.jar:/home/alexsurya/.m2/repository/org/apache/httpcomponents/httpcore/4.4.10/httpcore-4.4.10.jar:/home/alexsurya/.m2/repository/com/github/jnr/jnr-unixsocket/0.21/jnr-unixsocket-0.21.jar:/home/alexsurya/.m2/repository/com/github/jnr/jnr-ffi/2.1.9/jnr-ffi-2.1.9.jar:/home/alexsurya/.m2/repository/com/github/jnr/jffi/1.2.17/jffi-1.2.17.jar:/home/alexsurya/.m2/repository/com/github/jnr/jffi/1.2.16/jffi-1.2.16-native.jar:/home/alexsurya/.m2/repository/org/ow2/asm/asm-commons/5.0.3/asm-commons-5.0.3.jar:/home/alexsurya/.m2/repository/org/ow2/asm/asm-analysis/5.0.3/asm-analysis-5.0.3.jar:/home/alexsurya/.m2/repository/org/ow2/asm/asm-tree/5.0.3/asm-tree-5.0.3.jar:/home/alexsurya/.m2/repository/org/ow2/asm/asm-util/5.0.3/asm-util-5.0.3.jar:/home/alexsurya/.m2/repository/com/github/jnr/jnr-a64asm/1.0.0/jnr-a64asm-1.0.0.jar:/home/alexsurya/.m2/repository/com/github/jnr/jnr-x86asm/1.0.2/jnr-x86asm-1.0.2.jar:/home/alexsurya/.m2/repository/com/github/jnr/jnr-constants/0.9.11/jnr-constants-0.9.11.jar:/home/alexsurya/.m2/repository/com/github/jnr/jnr-enxio/0.19/jnr-enxio-0.19.jar:/home/alexsurya/.m2/repository/com/github/jnr/jnr-posix/3.0.47/jnr-posix-3.0.47.jar:/home/alexsurya/.m2/repository/org/apache/commons/commons-text/1.1/commons-text-1.1.jar:/home/alexsurya/.m2/repository/org/fusesource/jansi/jansi/1.16/jansi-1.16.jar:/home/alexsurya/.m2/repository/org/bouncycastle/bcpkix-jdk15on/1.57/bcpkix-jdk15on-1.57.jar:/home/alexsurya/.m2/repository/org/apache/maven/plugins/maven-assembly-plugin/3.1.0/maven-assembly-plugin-3.1.0.jar:/home/alexsurya/.m2/repository/org/apache/maven/shared/maven-common-artifact-filters/3.0.1/maven-common-artifact-filters-3.0.1.jar:/home/alexsurya/.m2/repository/org/sonatype/sisu/sisu-inject-plexus/1.4.2/sisu-inject-plexus-1.4.2.jar:/home/alexsurya/.m2/repository/org/sonatype/sisu/sisu-inject-bean/1.4.2/sisu-inject-bean-1.4.2.jar:/home/alexsurya/.m2/repository/org/sonatype/sisu/sisu-guice/2.1.7/sisu-guice-2.1.7-noaop.jar:/home/alexsurya/.m2/repository/org/apache/maven/shared/maven-shared-utils/3.1.0/maven-shared-utils-3.1.0.jar:/home/alexsurya/.m2/repository/org/apache/maven/shared/maven-artifact-transfer/0.9.0/maven-artifact-transfer-0.9.0.jar:/home/alexsurya/.m2/repository/org/codehaus/plexus/plexus-archiver/3.5/plexus-archiver-3.5.jar:/home/alexsurya/.m2/repository/org/apache/commons/commons-compress/1.14/commons-compress-1.14.jar:/home/alexsurya/.m2/repository/org/iq80/snappy/snappy/0.4/snappy-0.4.jar:/home/alexsurya/.m2/repository/org/tukaani/xz/1.6/xz-1.6.jar:/home/alexsurya/.m2/repository/org/apache/maven/shared/file-management/3.0.0/file-management-3.0.0.jar:/home/alexsurya/.m2/repository/org/apache/maven/shared/maven-shared-io/3.0.0/maven-shared-io-3.0.0.jar:/home/alexsurya/.m2/repository/org/apache/maven/shared/maven-filtering/3.1.1/maven-filtering-3.1.1.jar:/home/alexsurya/.m2/repository/org/sonatype/plexus/plexus-build-api/0.0.7/plexus-build-api-0.0.7.jar:/home/alexsurya/.m2/repository/org/codehaus/plexus/plexus-io/3.0.0/plexus-io-3.0.0.jar:/home/alexsurya/.m2/repository/org/apache/maven/maven-archiver/3.2.0/maven-archiver-3.2.0.jar:/home/alexsurya/.m2/repository/joda-time/joda-time/2.10.1/joda-time-2.10.1.jar:/home/alexsurya/.m2/repository/org/codehaus/plexus/plexus-interpolation/1.24/plexus-interpolation-1.24.jar:/home/alexsurya/.m2/repository/io/fabric8/fabric8-maven-core/4.0.0-M2/fabric8-maven-core-4.0.0-M2.jar:/home/alexsurya/.m2/repository/io/fabric8/openshift-client/4.1.0/openshift-client-4.1.0.jar:/home/alexsurya/.m2/repository/com/fasterxml/jackson/dataformat/jackson-dataformat-yaml/2.9.8/jackson-dataformat-yaml-2.9.8.jar:/home/alexsurya/.m2/repository/org/eclipse/jgit/org.eclipse.jgit/5.2.0.201812061821-r/org.eclipse.jgit-5.2.0.201812061821-r.jar:/home/alexsurya/.m2/repository/org/javassist/javassist/3.20.0-GA/javassist-3.20.0-GA.jar:/home/alexsurya/.m2/repository/com/networknt/json-schema-validator/0.1.7/json-schema-validator-0.1.7.jar:/home/alexsurya/.m2/repository/org/slf4j/slf4j-ext/1.7.25/slf4j-ext-1.7.25.jar:/home/alexsurya/.m2/repository/io/fabric8/fabric8-maven-enricher-api/4.0.0-M2/fabric8-maven-enricher-api-4.0.0-M2.jar:/home/alexsurya/.m2/repository/com/google/code/findbugs/jsr305/3.0.2/jsr305-3.0.2.jar:/home/alexsurya/.m2/repository/io/fabric8/fabric8-maven-enricher-standard/4.0.0-M2/fabric8-maven-enricher-standard-4.0.0-M2.jar:/home/alexsurya/.m2/repository/io/fabric8/ianaservicehelper/0.0.1/ianaservicehelper-0.0.1.jar:/home/alexsurya/.m2/repository/io/fabric8/fabric8-maven-enricher-fabric8/4.0.0-M2/fabric8-maven-enricher-fabric8-4.0.0-M2.jar:/home/alexsurya/.m2/repository/commons-codec/commons-codec/1.11/commons-codec-1.11.jar:/home/alexsurya/.m2/repository/io/fabric8/fabric8-maven-enricher-osio/4.0.0-M2/fabric8-maven-enricher-osio-4.0.0-M2.jar:/home/alexsurya/.m2/repository/io/fabric8/fabric8-maven-generator-api/4.0.0-M2/fabric8-maven-generator-api-4.0.0-M2.jar:/home/alexsurya/.m2/repository/org/jboss/shrinkwrap/shrinkwrap-api/1.2.6/shrinkwrap-api-1.2.6.jar:/home/alexsurya/.m2/repository/org/jboss/shrinkwrap/shrinkwrap-spi/1.2.6/shrinkwrap-spi-1.2.6.jar:/home/alexsurya/.m2/repository/org/jboss/shrinkwrap/shrinkwrap-impl-base/1.2.6/shrinkwrap-impl-base-1.2.6.jar:/home/alexsurya/.m2/repository/io/fabric8/fabric8-maven-generator-java-exec/4.0.0-M2/fabric8-maven-generator-java-exec-4.0.0-M2.jar:/home/alexsurya/.m2/repository/io/fabric8/fabric8-maven-generator-spring-boot/4.0.0-M2/fabric8-maven-generator-spring-boot-4.0.0-M2.jar:/home/alexsurya/.m2/repository/io/fabric8/fabric8-maven-generator-vertx/4.0.0-M2/fabric8-maven-generator-vertx-4.0.0-M2.jar:/home/alexsurya/.m2/repository/io/fabric8/fabric8-maven-generator-karaf/4.0.0-M2/fabric8-maven-generator-karaf-4.0.0-M2.jar:/home/alexsurya/.m2/repository/io/fabric8/fabric8-maven-generator-wildfly-swarm/4.0.0-M2/fabric8-maven-generator-wildfly-swarm-4.0.0-M2.jar:/home/alexsurya/.m2/repository/io/fabric8/fabric8-maven-generator-thorntail-v2/4.0.0-M2/fabric8-maven-generator-thorntail-v2-4.0.0-M2.jar:/home/alexsurya/.m2/repository/io/fabric8/fabric8-maven-generator-webapp/4.0.0-M2/fabric8-maven-generator-webapp-4.0.0-M2.jar:/home/alexsurya/.m2/repository/io/fabric8/fabric8-maven-watcher-api/4.0.0-M2/fabric8-maven-watcher-api-4.0.0-M2.jar:/home/alexsurya/.m2/repository/io/fabric8/fabric8-maven-watcher-standard/4.0.0-M2/fabric8-maven-watcher-standard-4.0.0-M2.jar:/home/alexsurya/.m2/repository/io/fabric8/kubernetes-client/4.1.0/kubernetes-client-4.1.0.jar:/home/alexsurya/.m2/repository/io/fabric8/kubernetes-model/4.1.0/kubernetes-model-4.1.0.jar:/home/alexsurya/.m2/repository/com/fasterxml/jackson/module/jackson-module-jaxb-annotations/2.9.8/jackson-module-jaxb-annotations-2.9.8.jar:/home/alexsurya/.m2/repository/com/squareup/okhttp3/okhttp/3.9.1/okhttp-3.9.1.jar:/home/alexsurya/.m2/repository/com/squareup/okio/okio/1.13.0/okio-1.13.0.jar:/home/alexsurya/.m2/repository/com/squareup/okhttp3/logging-interceptor/3.9.1/logging-interceptor-3.9.1.jar:/home/alexsurya/.m2/repository/org/slf4j/jul-to-slf4j/1.7.25/jul-to-slf4j-1.7.25.jar:/home/alexsurya/.m2/repository/com/fasterxml/jackson/core/jackson-core/2.9.8/jackson-core-2.9.8.jar:/home/alexsurya/.m2/repository/io/fabric8/zjsonpatch/0.3.0/zjsonpatch-0.3.0.jar:/home/alexsurya/.m2/repository/com/github/mifmif/generex/1.0.1/generex-1.0.1.jar:/home/alexsurya/.m2/repository/dk/brics/automaton/automaton/1.11-8/automaton-1.11-8.jar:/home/alexsurya/.m2/repository/org/apache/maven/maven-plugin-api/3.3.1/maven-plugin-api-3.3.1.jar:/home/alexsurya/.m2/repository/org/eclipse/sisu/org.eclipse.sisu.plexus/0.3.0/org.eclipse.sisu.plexus-0.3.0.jar:/home/alexsurya/.m2/repository/javax/enterprise/cdi-api/1.0/cdi-api-1.0.jar:/home/alexsurya/.m2/repository/javax/annotation/jsr250-api/1.0/jsr250-api-1.0.jar:/home/alexsurya/.m2/repository/org/eclipse/sisu/org.eclipse.sisu.inject/0.3.0/org.eclipse.sisu.inject-0.3.0.jar:/home/alexsurya/.m2/repository/org/apache/maven/maven-core/3.3.1/maven-core-3.3.1.jar:/home/alexsurya/.m2/repository/org/apache/maven/maven-settings/3.3.1/maven-settings-3.3.1.jar:/home/alexsurya/.m2/repository/org/apache/maven/maven-settings-builder/3.3.1/maven-settings-builder-3.3.1.jar:/home/alexsurya/.m2/repository/org/apache/maven/maven-builder-support/3.3.1/maven-builder-support-3.3.1.jar:/home/alexsurya/.m2/repository/org/apache/maven/maven-repository-metadata/3.3.1/maven-repository-metadata-3.3.1.jar:/home/alexsurya/.m2/repository/org/apache/maven/maven-model-builder/3.3.1/maven-model-builder-3.3.1.jar:/home/alexsurya/.m2/repository/org/apache/maven/maven-aether-provider/3.3.1/maven-aether-provider-3.3.1.jar:/home/alexsurya/.m2/repository/org/eclipse/aether/aether-spi/1.0.2.v20150114/aether-spi-1.0.2.v20150114.jar:/home/alexsurya/.m2/repository/org/eclipse/aether/aether-impl/1.0.2.v20150114/aether-impl-1.0.2.v20150114.jar:/home/alexsurya/.m2/repository/org/eclipse/aether/aether-api/1.0.2.v20150114/aether-api-1.0.2.v20150114.jar:/home/alexsurya/.m2/repository/org/eclipse/aether/aether-util/1.0.2.v20150114/aether-util-1.0.2.v20150114.jar:/home/alexsurya/.m2/repository/org/sonatype/sisu/sisu-guice/3.2.5/sisu-guice-3.2.5-no_aop.jar:/home/alexsurya/.m2/repository/javax/inject/javax.inject/1/javax.inject-1.jar:/home/alexsurya/.m2/repository/aopalliance/aopalliance/1.0/aopalliance-1.0.jar:/home/alexsurya/.m2/repository/org/codehaus/plexus/plexus-classworlds/2.5.2/plexus-classworlds-2.5.2.jar:/home/alexsurya/.m2/repository/org/sonatype/plexus/plexus-sec-dispatcher/1.3/plexus-sec-dispatcher-1.3.jar:/home/alexsurya/.m2/repository/org/sonatype/plexus/plexus-cipher/1.4/plexus-cipher-1.4.jar:/home/alexsurya/.m2/repository/org/apache/maven/maven-model/3.3.1/maven-model-3.3.1.jar:/home/alexsurya/.m2/repository/org/apache/maven/maven-artifact/3.3.1/maven-artifact-3.3.1.jar:/home/alexsurya/.m2/repository/org/apache/maven/maven-compat/3.3.1/maven-compat-3.3.1.jar:/home/alexsurya/.m2/repository/org/apache/maven/wagon/wagon-provider-api/2.8/wagon-provider-api-2.8.jar:/home/alexsurya/.m2/repository/org/codehaus/plexus/plexus-utils/3.1.0/plexus-utils-3.1.0.jar:/home/alexsurya/.m2/repository/org/codehaus/plexus/plexus-component-annotations/1.7.1/plexus-component-annotations-1.7.1.jar:/home/alexsurya/.m2/repository/org/codehaus/plexus/plexus-interactivity-api/1.0-alpha-6/plexus-interactivity-api-1.0-alpha-6.jar:/home/alexsurya/.m2/repository/org/codehaus/plexus/plexus-component-api/1.0-alpha-16/plexus-component-api-1.0-alpha-16.jar:/home/alexsurya/.m2/repository/org/apache/commons/commons-lang3/3.8.1/commons-lang3-3.8.1.jar:/home/alexsurya/.m2/repository/commons-io/commons-io/2.5/commons-io-2.5.jar:/home/alexsurya/.m2/repository/com/google/code/gson/gson/2.8.5/gson-2.8.5.jar:"/>
    <property name="sun.cpu.endian" value="little"/>
    <property name="user.home" value="/home/alexsurya"/>
    <property name="user.language" value="en"/>
    <property name="java.specification.vendor" value="Oracle Corporation"/>
    <property name="java.home" value="/usr/lib/jvm/java-8-oracle/jre"/>
    <property name="basedir" value="/opt/Study/docker/workspace/dockerTest"/>
    <property name="file.separator" value="/"/>
    <property name="line.separator" value="&#10;"/>
    <property name="java.vm.specification.vendor" value="Oracle Corporation"/>
    <property name="java.specification.name" value="Java Platform API Specification"/>
    <property name="java.awt.graphicsenv" value="sun.awt.X11GraphicsEnvironment"/>
    <property name="surefire.real.class.path" value="/opt/Study/docker/workspace/dockerTest/target/surefire/surefirebooter3474435830954114325.jar"/>
    <property name="sun.boot.class.path" value="/usr/lib/jvm/java-8-oracle/jre/lib/resources.jar:/usr/lib/jvm/java-8-oracle/jre/lib/rt.jar:/usr/lib/jvm/java-8-oracle/jre/lib/sunrsasign.jar:/usr/lib/jvm/java-8-oracle/jre/lib/jsse.jar:/usr/lib/jvm/java-8-oracle/jre/lib/jce.jar:/usr/lib/jvm/java-8-oracle/jre/lib/charsets.jar:/usr/lib/jvm/java-8-oracle/jre/lib/jfr.jar:/usr/lib/jvm/java-8-oracle/jre/classes"/>
    <property name="sun.management.compiler" value="HotSpot 64-Bit Tiered Compilers"/>
    <property name="java.runtime.version" value="1.8.0_171-b11"/>
    <property name="user.name" value="alexsurya"/>
    <property name="path.separator" value=":"/>
    <property name="os.version" value="4.15.0-43-generic"/>
    <property name="java.endorsed.dirs" value="/usr/lib/jvm/java-8-oracle/jre/lib/endorsed"/>
    <property name="java.runtime.name" value="Java(TM) SE Runtime Environment"/>
    <property name="file.encoding" value="UTF-8"/>
    <property name="java.vm.name" value="Java HotSpot(TM) 64-Bit Server VM"/>
    <property name="localRepository" value="/home/alexsurya/.m2/repository"/>
    <property name="java.vendor.url.bug" value="http://bugreport.sun.com/bugreport/"/>
    <property name="java.io.tmpdir" value="/tmp"/>
    <property name="java.version" value="1.8.0_171"/>
    <property name="user.dir" value="/opt/Study/docker/workspace/dockerTest"/>
    <property name="os.arch" value="amd64"/>
    <property name="java.vm.specification.name" value="Java Virtual Machine Specification"/>
    <property name="java.awt.printerjob" value="sun.print.PSPrinterJob"/>
    <property name="sun.os.patch.level" value="unknown"/>
    <property name="java.library.path" value="/usr/java/packages/lib/amd64:/usr/lib64:/lib64:/lib:/usr/lib"/>
    <property name="java.vm.info" value="mixed mode"/>
    <property name="java.vendor" value="Oracle Corporation"/>
    <property name="java.vm.version" value="25.171-b11"/>
    <property name="java.ext.dirs" value="/usr/lib/jvm/java-8-oracle/jre/lib/ext:/usr/java/packages/lib/ext"/>
    <property name="sun.io.unicode.encoding" value="UnicodeLittle"/>
    <property name="java.class.version" value="52.0"/>
  </properties>
  <testcase name="contextLoads" classname="com.docker.dockerTest.DockerTestApplicationTests" time="0.094"/>
</testsuite>